<?xml version="1.0" encoding="UTF-8"?>
<!-- Generated by org.testng.reporters.JUnitReportReporter -->
<testsuite hostname="LakshikaN-450G7" name="test.TestRegistrationPage" tests="1" failures="0" timestamp="22 Aug 2022 07:39:59 GMT" time="13.220" errors="0">
  <testcase name="test_Registeration" time="13.220" classname="test.TestRegistrationPage"/>
</testsuite> <!-- test.TestRegistrationPage -->
